Performing C SOURCE FILE Test CMAKE_HAVE_LIBC_PTHREAD failed with the following output:
Change Dir: /home/nitlab/catkin_ws/camera/openvslam/ros/src/openvslam/cmake-build-debug/CMakeFiles/CMakeTmp

Run Build Command(s):/usr/bin/make cmTC_0c2e7/fast && /usr/bin/make  -f CMakeFiles/cmTC_0c2e7.dir/build.make CMakeFiles/cmTC_0c2e7.dir/build
make[1]: Entering directory '/home/nitlab/catkin_ws/camera/openvslam/ros/src/openvslam/cmake-build-debug/CMakeFiles/CMakeTmp'
Building C object CMakeFiles/cmTC_0c2e7.dir/src.c.o
/usr/lib/ccache/cc   -Wall -Wextra -mtune=native -DCMAKE_HAVE_LIBC_PTHREAD   -o CMakeFiles/cmTC_0c2e7.dir/src.c.o   -c /home/nitlab/catkin_ws/camera/openvslam/ros/src/openvslam/cmake-build-debug/CMakeFiles/CMakeTmp/src.c
Linking C executable cmTC_0c2e7
/home/nitlab/.local/share/JetBrains/Toolbox/apps/CLion/ch-0/203.7148.70/bin/cmake/linux/bin/cmake -E cmake_link_script CMakeFiles/cmTC_0c2e7.dir/link.txt --verbose=1
/usr/lib/ccache/cc  -Wall -Wextra -mtune=native -DCMAKE_HAVE_LIBC_PTHREAD    -rdynamic CMakeFiles/cmTC_0c2e7.dir/src.c.o  -o cmTC_0c2e7 
CMakeFiles/cmTC_0c2e7.dir/src.c.o: In function `main':
src.c:(.text+0x3e): undefined reference to `pthread_create'
src.c:(.text+0x4a): undefined reference to `pthread_detach'
src.c:(.text+0x56): undefined reference to `pthread_cancel'
src.c:(.text+0x67): undefined reference to `pthread_join'
src.c:(.text+0x7b): undefined reference to `pthread_atfork'
collect2: error: ld returned 1 exit status
CMakeFiles/cmTC_0c2e7.dir/build.make:106: recipe for target 'cmTC_0c2e7' failed
make[1]: *** [cmTC_0c2e7] Error 1
make[1]: Leaving directory '/home/nitlab/catkin_ws/camera/openvslam/ros/src/openvslam/cmake-build-debug/CMakeFiles/CMakeTmp'
Makefile:141: recipe for target 'cmTC_0c2e7/fast' failed
make: *** [cmTC_0c2e7/fast] Error 2


Source file was:
#include <pthread.h>

void* test_func(void* data)
{
  return data;
}

int main(void)
{
  pthread_t thread;
  pthread_create(&thread, NULL, test_func, NULL);
  pthread_detach(thread);
  pthread_cancel(thread);
  pthread_join(thread, NULL);
  pthread_atfork(NULL, NULL, NULL);
  pthread_exit(NULL);

  return 0;
}

Determining if the function pthread_create exists in the pthreads failed with the following output:
Change Dir: /home/nitlab/catkin_ws/camera/openvslam/ros/src/openvslam/cmake-build-debug/CMakeFiles/CMakeTmp

Run Build Command(s):/usr/bin/make cmTC_c2be0/fast && /usr/bin/make  -f CMakeFiles/cmTC_c2be0.dir/build.make CMakeFiles/cmTC_c2be0.dir/build
make[1]: Entering directory '/home/nitlab/catkin_ws/camera/openvslam/ros/src/openvslam/cmake-build-debug/CMakeFiles/CMakeTmp'
Building C object CMakeFiles/cmTC_c2be0.dir/CheckFunctionExists.c.o
/usr/lib/ccache/cc   -Wall -Wextra -mtune=native -DCHECK_FUNCTION_EXISTS=pthread_create   -o CMakeFiles/cmTC_c2be0.dir/CheckFunctionExists.c.o   -c /home/nitlab/.local/share/JetBrains/Toolbox/apps/CLion/ch-0/203.7148.70/bin/cmake/linux/share/cmake-3.17/Modules/CheckFunctionExists.c
Linking C executable cmTC_c2be0
/home/nitlab/.local/share/JetBrains/Toolbox/apps/CLion/ch-0/203.7148.70/bin/cmake/linux/bin/cmake -E cmake_link_script CMakeFiles/cmTC_c2be0.dir/link.txt --verbose=1
/usr/lib/ccache/cc  -Wall -Wextra -mtune=native -DCHECK_FUNCTION_EXISTS=pthread_create    -rdynamic CMakeFiles/cmTC_c2be0.dir/CheckFunctionExists.c.o  -o cmTC_c2be0  -lpthreads 
/usr/bin/ld: cannot find -lpthreads
collect2: error: ld returned 1 exit status
CMakeFiles/cmTC_c2be0.dir/build.make:106: recipe for target 'cmTC_c2be0' failed
make[1]: *** [cmTC_c2be0] Error 1
make[1]: Leaving directory '/home/nitlab/catkin_ws/camera/openvslam/ros/src/openvslam/cmake-build-debug/CMakeFiles/CMakeTmp'
Makefile:141: recipe for target 'cmTC_c2be0/fast' failed
make: *** [cmTC_c2be0/fast] Error 2



